<?xml version="1.0" encoding="UTF-8"?>
<!-- Generated by org.testng.reporters.JUnitXMLReporter -->
<testsuite ignored="0" hostname="LAPTOP-733KQGVP" failures="0" tests="3" name="Creando cuentas" time="106.968" errors="0" timestamp="2021-06-21T10:05:21 UYT">
  <testcase classname="Ejerecicio.Uno.PuntoDosTest" name="Entrar" time="26.03"/>
  <testcase classname="Ejerecicio.Uno.PuntoDosTest" name="Entrar" time="27.484"/>
  <testcase classname="Ejerecicio.Uno.PuntoDosTest" name="flaseAccount" time="24.736"/>
</testsuite> <!-- Creando cuentas -->
