<?xml version="1.0" encoding="UTF-8"?>
<testng-results ignored="0" total="1" passed="1" failed="0" skipped="0">
  <reporter-output>
  </reporter-output>
  <suite started-at="2021-06-17T15:08:41 UYT" name="Default suite" finished-at="2021-06-17T15:09:24 UYT" duration-ms="42830">
    <groups>
    </groups>
    <test started-at="2021-06-17T15:08:41 UYT" name="Default test" finished-at="2021-06-17T15:09:24 UYT" duration-ms="42830">
      <class name="Ejerecicio.Uno.PuntoTresTest">
        <test-method is-config="true" signature="initalize()[pri:0, instance:Ejerecicio.Uno.PuntoTresTest@306e95ec]" started-at="2021-06-17T15:08:41 UYT" name="initalize" finished-at="2021-06-17T15:08:47 UYT" duration-ms="6234" status="PASS">
          <reporter-output>
          </reporter-output>
        </test-method> <!-- initalize -->
        <test-method signature="Entrar()[pri:0, instance:Ejerecicio.Uno.PuntoTresTest@306e95ec]" started-at="2021-06-17T15:08:47 UYT" name="Entrar" finished-at="2021-06-17T15:09:24 UYT" duration-ms="36571" status="PASS">
          <reporter-output>
          </reporter-output>
        </test-method> <!-- Entrar -->
      </class> <!-- Ejerecicio.Uno.PuntoTresTest -->
    </test> <!-- Default test -->
  </suite> <!-- Default suite -->
</testng-results>
