<?xml version="1.0" encoding="UTF-8"?>
<testng-results ignored="0" total="1" passed="1" failed="0" skipped="0">
  <reporter-output>
  </reporter-output>
  <suite started-at="2021-06-21T10:06:30 UYT" name="Default suite" finished-at="2021-06-21T10:07:20 UYT" duration-ms="49810">
    <groups>
    </groups>
    <test started-at="2021-06-21T10:06:30 UYT" name="Default test" finished-at="2021-06-21T10:07:20 UYT" duration-ms="49810">
      <class name="Ejerecicio.Uno.PuntoTresTest">
        <test-method is-config="true" signature="initalize()[pri:0, instance:Ejerecicio.Uno.PuntoTresTest@1e6a3214]" started-at="2021-06-21T10:06:30 UYT" name="initalize" finished-at="2021-06-21T10:06:37 UYT" duration-ms="6360" status="PASS">
          <reporter-output>
          </reporter-output>
        </test-method> <!-- initalize -->
        <test-method signature="Entrar(java.lang.String,java.lang.String,java.lang.String,java.lang.String)[pri:0, instance:Ejerecicio.Uno.PuntoTresTest@1e6a3214]" started-at="2021-06-21T10:06:38 UYT" name="Entrar" data-provider="data" finished-at="2021-06-21T10:07:19 UYT" duration-ms="41830" status="PASS">
          <params>
            <param index="0">
              <value>
                <![CDATA[Valoración]]>
              </value>
            </param>
            <param index="1">
              <value>
                <![CDATA[Cold]]>
              </value>
            </param>
            <param index="2">
              <value>
                <![CDATA[Tipo]]>
              </value>
            </param>
            <param index="3">
              <value>
                <![CDATA[Customer - Direct]]>
              </value>
            </param>
          </params>
          <reporter-output>
          </reporter-output>
        </test-method> <!-- Entrar -->
        <test-method is-config="true" signature="Quit()[pri:0, instance:Ejerecicio.Uno.PuntoTresTest@1e6a3214]" started-at="2021-06-21T10:07:19 UYT" name="Quit" finished-at="2021-06-21T10:07:20 UYT" duration-ms="756" status="PASS">
          <reporter-output>
          </reporter-output>
        </test-method> <!-- Quit -->
      </class> <!-- Ejerecicio.Uno.PuntoTresTest -->
    </test> <!-- Default test -->
  </suite> <!-- Default suite -->
</testng-results>
